2024-03-26T12:33:19: 
2024-03-26T12:33:19:    INFO  Server running on [http://192.168.1.120:8002].  
2024-03-26T12:33:19: 
2024-03-26T12:33:19:   Press Ctrl+C to stop the server
2024-03-26T12:33:19: 
2024-03-26T12:33:37: 
2024-03-26T12:33:37:    INFO  Server running on [http://192.168.1.120:8002].  
2024-03-26T12:33:37: 
2024-03-26T12:33:37:   Press Ctrl+C to stop the server
2024-03-26T12:33:37: 
2024-03-26T12:33:38:   2024-03-26 12:33:38
2024-03-26T12:33:38:  ................................................... ~ 0s
2024-03-26T12:51:15:   2024-03-26 12:51:14
2024-03-26T12:51:15:  ................................................... ~ 0s
2024-03-26T12:51:16: 
2024-03-26T12:51:16:    INFO  Server running on [http://192.168.1.120:8002].  
2024-03-26T12:51:16: 
2024-03-26T12:51:16:   Press Ctrl+C to stop the server
2024-03-26T12:51:16: 
2024-03-26T12:51:28: 
2024-03-26T12:51:28:    INFO  Server running on [http://192.168.1.120:8002].  
2024-03-26T12:51:28: 
2024-03-26T12:51:28:   Press Ctrl+C to stop the server
2024-03-26T12:51:28: 
2024-03-26T12:52:13: 
2024-03-26T12:52:13:    INFO  Server running on [http://192.168.1.120:8002].  
2024-03-26T12:52:13: 
2024-03-26T12:52:13:   Press Ctrl+C to stop the server
2024-03-26T12:52:13: 
2024-03-26T12:53:49: 
2024-03-26T12:53:49:    INFO  Server running on [http://192.168.1.120:8002].  
2024-03-26T12:53:49: 
2024-03-26T12:53:49:   Press Ctrl+C to stop the server
2024-03-26T12:53:49: 
2024-03-26T12:55:00: 
2024-03-26T12:55:00:    INFO  Server running on [http://192.168.1.120:8002].  
2024-03-26T12:55:00: 
2024-03-26T12:55:00:   Press Ctrl+C to stop the server
2024-03-26T12:55:00: 
2024-03-26T12:55:08: 
2024-03-26T12:55:08:    INFO  Server running on [http://192.168.1.120:8002].  
2024-03-26T12:55:08: 
2024-03-26T12:55:08:   Press Ctrl+C to stop the server
2024-03-26T12:55:08: 
2024-03-26T12:56:15: 
2024-03-26T12:56:15:    INFO  Server running on [http://192.168.1.120:8002].  
2024-03-26T12:56:15: 
2024-03-26T12:56:15:   Press Ctrl+C to stop the server
2024-03-26T12:56:15: 
2024-03-26T13:09:28: 
2024-03-26T13:09:28:    INFO  Server running on [http://192.168.1.120:8002].  
2024-03-26T13:09:28: 
2024-03-26T13:09:28:   Press Ctrl+C to stop the server
2024-03-26T13:09:28: 
2024-03-26T13:09:34: 
2024-03-26T13:09:34:    INFO  Server running on [http://192.168.1.120:8002].  
2024-03-26T13:09:34: 
2024-03-26T13:09:34:   Press Ctrl+C to stop the server
2024-03-26T13:09:34: 
2024-03-26T13:09:45: 
2024-03-26T13:09:45:    INFO  Server running on [http://192.168.1.120:8002].  
2024-03-26T13:09:45: 
2024-03-26T13:09:45:   Press Ctrl+C to stop the server
2024-03-26T13:09:45: 
2024-03-26T13:09:46:   2024-03-26 13:09:45
2024-03-26T13:09:46:  ................................................... ~ 0s
2024-03-26T13:09:47:   2024-03-26 13:09:46
2024-03-26T13:09:47:  ................................................... ~ 0s
2024-03-26T13:12:18: 
2024-03-26T13:12:18:    INFO  Server running on [http://192.168.1.120:8002].  
2024-03-26T13:12:18: 
2024-03-26T13:12:18:   Press Ctrl+C to stop the server
2024-03-26T13:12:18: 
2024-03-26T13:12:27: 
2024-03-26T13:12:27:    INFO  Server running on [http://192.168.1.120:8002].  
2024-03-26T13:12:27: 
2024-03-26T13:12:27:   Press Ctrl+C to stop the server
2024-03-26T13:12:27: 
2024-03-26T13:12:56: 
2024-03-26T13:12:56:    INFO  Server running on [http://192.168.1.120:8002].  
2024-03-26T13:12:56: 
2024-03-26T13:12:56:   Press Ctrl+C to stop the server
2024-03-26T13:12:56: 
2024-03-26T13:13:02:   2024-03-26 13:13:01
2024-03-26T13:13:02:  ................................................... ~ 0s
2024-03-26T13:13:02: 
2024-03-26T13:13:02:    INFO  Server running on [http://192.168.1.120:8002].  
2024-03-26T13:13:02: 
2024-03-26T13:13:02:   Press Ctrl+C to stop the server
2024-03-26T13:13:02: 
2024-03-26T13:22:40: 
2024-03-26T13:22:40:    INFO  Server running on [http://192.168.1.120:8002].  
2024-03-26T13:22:40: 
2024-03-26T13:22:40:   Press Ctrl+C to stop the server
2024-03-26T13:22:40: 
2024-03-26T13:23:06: 
2024-03-26T13:23:06:    INFO  Server running on [http://192.168.1.120:8002].  
2024-03-26T13:23:06: 
2024-03-26T13:23:06:   Press Ctrl+C to stop the server
2024-03-26T13:23:06: 
2024-03-26T13:23:38: 
2024-03-26T13:23:38:    INFO  Server running on [http://192.168.1.120:8002].  
2024-03-26T13:23:38: 
2024-03-26T13:23:38:   Press Ctrl+C to stop the server
2024-03-26T13:23:38: 
2024-03-26T13:23:45: 
2024-03-26T13:23:45:    INFO  Server running on [http://192.168.1.120:8002].  
2024-03-26T13:23:45: 
2024-03-26T13:23:45:   Press Ctrl+C to stop the server
2024-03-26T13:23:45: 
2024-03-26T13:23:51: 
2024-03-26T13:23:51:    INFO  Server running on [http://192.168.1.120:8002].  
2024-03-26T13:23:51: 
2024-03-26T13:23:51:   Press Ctrl+C to stop the server
2024-03-26T13:23:51: 
2024-03-26T13:27:30: 
2024-03-26T13:27:30:    INFO  Server running on [http://192.168.1.120:8002].  
2024-03-26T13:27:30: 
2024-03-26T13:27:30:   Press Ctrl+C to stop the server
2024-03-26T13:27:30: 
2024-03-26T13:29:08: 
2024-03-26T13:29:08:    INFO  Server running on [http://192.168.1.120:8002].  
2024-03-26T13:29:08: 
2024-03-26T13:29:08:   Press Ctrl+C to stop the server
2024-03-26T13:29:08: 
2024-03-26T13:29:50: 
2024-03-26T13:29:50:    INFO  Server running on [http://192.168.1.120:8002].  
2024-03-26T13:29:50: 
2024-03-26T13:29:50:   Press Ctrl+C to stop the server
2024-03-26T13:29:50: 
2024-03-26T13:30:13: 
2024-03-26T13:30:13:    INFO  Server running on [http://192.168.1.120:8002].  
2024-03-26T13:30:13: 
2024-03-26T13:30:13:   Press Ctrl+C to stop the server
2024-03-26T13:30:13: 
2024-03-26T13:32:01: 
2024-03-26T13:32:01:    INFO  Server running on [http://192.168.1.120:8002].  
2024-03-26T13:32:01: 
2024-03-26T13:32:01:   Press Ctrl+C to stop the server
2024-03-26T13:32:01: 
2024-03-26T13:32:04: 
2024-03-26T13:32:04:    INFO  Server running on [http://192.168.1.120:8002].  
2024-03-26T13:32:04: 
2024-03-26T13:32:04:   Press Ctrl+C to stop the server
2024-03-26T13:32:04: 
2024-03-26T13:32:07: 
2024-03-26T13:32:07:    INFO  Server running on [http://192.168.1.120:8002].  
2024-03-26T13:32:07: 
2024-03-26T13:32:07:   Press Ctrl+C to stop the server
2024-03-26T13:32:07: 
2024-03-26T13:32:15: 
2024-03-26T13:32:15:    INFO  Server running on [http://192.168.1.120:8002].  
2024-03-26T13:32:15: 
2024-03-26T13:32:15:   Press Ctrl+C to stop the server
2024-03-26T13:32:15: 
2024-03-26T13:32:36: 
2024-03-26T13:32:36:    INFO  Server running on [http://192.168.1.120:8002].  
2024-03-26T13:32:36: 
2024-03-26T13:32:36:   Press Ctrl+C to stop the server
2024-03-26T13:32:36: 
2024-03-26T13:33:12: 
2024-03-26T13:33:12:    INFO  Server running on [http://192.168.1.120:8002].  
2024-03-26T13:33:12: 
2024-03-26T13:33:12:   Press Ctrl+C to stop the server
2024-03-26T13:33:12: 
2024-03-26T13:33:15: 
2024-03-26T13:33:15:    INFO  Server running on [http://192.168.1.120:8002].  
2024-03-26T13:33:15: 
2024-03-26T13:33:15:   Press Ctrl+C to stop the server
2024-03-26T13:33:15: 
2024-03-26T13:33:58: 
2024-03-26T13:33:58:    INFO  Server running on [http://192.168.1.120:8002].  
2024-03-26T13:33:58: 
2024-03-26T13:33:58:   Press Ctrl+C to stop the server
2024-03-26T13:33:58: 
2024-03-26T13:34:33: 
2024-03-26T13:34:33:    INFO  Server running on [http://192.168.1.120:8002].  
2024-03-26T13:34:33: 
2024-03-26T13:34:33:   Press Ctrl+C to stop the server
2024-03-26T13:34:33: 
2024-03-26T13:35:15: 
2024-03-26T13:35:15:    INFO  Server running on [http://192.168.1.120:8002].  
2024-03-26T13:35:15: 
2024-03-26T13:35:15:   Press Ctrl+C to stop the server
2024-03-26T13:35:15: 
2024-03-26T13:35:17:   2024-03-26 13:35:16
2024-03-26T13:35:17:  ...................................................
2024-03-26T13:35:17:  ~ 0s
2024-03-26T13:35:33:   2024-03-26 13:35:32
2024-03-26T13:35:33:  ...................................................
2024-03-26T13:35:33:  ~ 0s
2024-03-26T13:35:33: 
2024-03-26T13:35:33:    INFO  Server running on [http://192.168.1.120:8002].  
2024-03-26T13:35:33: 
2024-03-26T13:35:33:   Press Ctrl+C to stop the server
2024-03-26T13:35:33: 
2024-03-26T13:35:56: 
2024-03-26T13:35:56:    INFO  Server running on [http://192.168.1.120:8002].  
2024-03-26T13:35:56: 
2024-03-26T13:35:56:   Press Ctrl+C to stop the server
2024-03-26T13:35:56: 
2024-03-26T13:35:57:   2024-03-26 13:35:56
2024-03-26T13:35:57:  ................................................... ~ 1s
2024-03-26T13:36:27:   2024-03-26 13:36:27
2024-03-26T13:36:27:  ................................................... ~ 0s
2024-03-26T13:36:27: 
2024-03-26T13:36:27:    INFO  Server running on [http://192.168.1.120:8002].  
2024-03-26T13:36:27: 
2024-03-26T13:36:27:   Press Ctrl+C to stop the server
2024-03-26T13:36:27: 
2024-03-26T13:36:29:   2024-03-26 13:36:29
2024-03-26T13:36:29:  ...................................................
2024-03-26T13:36:29:  ~ 0s
2024-03-26T13:36:31:   2024-03-26 13:36:31
2024-03-26T13:36:31:  ...................................................
2024-03-26T13:36:31:  ~ 0s
2024-03-26T13:36:32: 
2024-03-26T13:36:32:    INFO  Server running on [http://192.168.1.120:8002].  
2024-03-26T13:36:32: 
2024-03-26T13:36:32:   Press Ctrl+C to stop the server
2024-03-26T13:36:32: 
2024-03-26T13:36:34:   2024-03-26 13:36:34
2024-03-26T13:36:34:  ...................................................
2024-03-26T13:36:34:  ~ 0s
2024-03-26T13:36:51: 
2024-03-26T13:36:51:    INFO  Server running on [http://192.168.1.120:8002].  
2024-03-26T13:36:51: 
2024-03-26T13:36:51:   Press Ctrl+C to stop the server
2024-03-26T13:36:51: 
2024-03-26T13:36:52:   2024-03-26 13:36:51
2024-03-26T13:36:52:  ................................................... ~ 1s
2024-03-26T13:37:37: 
2024-03-26T13:37:37:    INFO  Server running on [http://192.168.1.120:8002].  
2024-03-26T13:37:37: 
2024-03-26T13:37:37:   Press Ctrl+C to stop the server
2024-03-26T13:37:37: 
2024-03-26T13:37:56: 
2024-03-26T13:37:56:    INFO  Server running on [http://192.168.1.120:8002].  
2024-03-26T13:37:56: 
2024-03-26T13:37:56:   Press Ctrl+C to stop the server
2024-03-26T13:37:56: 
2024-03-26T13:38:11: 
2024-03-26T13:38:11:    INFO  Server running on [http://192.168.1.120:8002].  
2024-03-26T13:38:11: 
2024-03-26T13:38:11:   Press Ctrl+C to stop the server
2024-03-26T13:38:11: 
2024-03-26T13:38:11:  ................................................... ~ 0s
2024-03-26T13:38:12:   2024-03-26 13:38:12
2024-03-26T13:38:12:  ...................................................
2024-03-26T13:38:12:  ~ 0s
2024-03-26T13:38:28: 
2024-03-26T13:38:28:    INFO  Server running on [http://192.168.1.120:8002].  
2024-03-26T13:38:28: 
2024-03-26T13:38:28:   Press Ctrl+C to stop the server
2024-03-26T13:38:28: 
2024-03-26T13:38:30:   2024-03-26 13:38:28
2024-03-26T13:38:30:  ................................................... ~ 1s
2024-03-26T13:39:09:   2024-03-26 13:39:09
2024-03-26T13:39:09:  ...................................................
2024-03-26T13:39:09:  ~ 0s
2024-03-26T13:39:10: 
2024-03-26T13:39:10:    INFO  Server running on [http://192.168.1.120:8002].  
2024-03-26T13:39:10: 
2024-03-26T13:39:10:   Press Ctrl+C to stop the server
2024-03-26T13:39:10: 
2024-03-26T13:39:13:   2024-03-26 13:39:13
2024-03-26T13:39:13:  ................................................... ~ 0s
2024-03-26T13:39:14: 
2024-03-26T13:39:14:    INFO  Server running on [http://192.168.1.120:8002].  
2024-03-26T13:39:14: 
2024-03-26T13:39:14:   Press Ctrl+C to stop the server
2024-03-26T13:39:14: 
2024-03-26T13:39:35:   2024-03-26 13:39:35
2024-03-26T13:39:35:  ................................................... ~ 0s
2024-03-26T13:39:36: 
2024-03-26T13:39:36:    INFO  Server running on [http://192.168.1.120:8002].  
2024-03-26T13:39:36: 
2024-03-26T13:39:36:   Press Ctrl+C to stop the server
2024-03-26T13:39:36: 
2024-03-26T13:39:39:   2024-03-26 13:39:38
2024-03-26T13:39:39:  ................................................... ~ 0s
2024-03-26T13:39:39: 
2024-03-26T13:39:39:    INFO  Server running on [http://192.168.1.120:8002].  
2024-03-26T13:39:39: 
2024-03-26T13:39:39:   Press Ctrl+C to stop the server
2024-03-26T13:39:39: 
2024-03-26T13:40:21: 
2024-03-26T13:40:21:    INFO  Server running on [http://192.168.1.120:8002].  
2024-03-26T13:40:21: 
2024-03-26T13:40:21:   Press Ctrl+C to stop the server
2024-03-26T13:40:21: 
2024-03-26T13:40:22:   2024-03-26 13:40:22
2024-03-26T13:40:22:  ................................................... ~ 0s
2024-03-26T13:40:39:   2024-03-26 13:40:39
2024-03-26T13:40:39:  ................................................... ~ 0s
2024-03-26T13:40:40: 
2024-03-26T13:40:40:    INFO  Server running on [http://192.168.1.120:8002].  
2024-03-26T13:40:40: 
2024-03-26T13:40:40:   Press Ctrl+C to stop the server
2024-03-26T13:40:40: 
2024-03-26T13:40:44: 
2024-03-26T13:40:44:    INFO  Server running on [http://192.168.1.120:8002].  
2024-03-26T13:40:44: 
2024-03-26T13:40:44:   Press Ctrl+C to stop the server
2024-03-26T13:40:44: 
2024-03-26T13:40:45:   2024-03-26 13:40:45
2024-03-26T13:40:45:  ................................................... ~ 0s
2024-03-26T13:40:53:   2024-03-26 13:40:53
2024-03-26T13:40:53:  ...................................................
2024-03-26T13:40:53:  ~ 0s
2024-03-26T13:40:53: 
2024-03-26T13:40:53:    INFO  Server running on [http://192.168.1.120:8002].  
2024-03-26T13:40:53: 
2024-03-26T13:40:53:   Press Ctrl+C to stop the server
2024-03-26T13:40:53: 
2024-03-26T13:43:01: 
2024-03-26T13:43:01:    INFO  Server running on [http://192.168.1.120:8002].  
2024-03-26T13:43:01: 
2024-03-26T13:43:01:   Press Ctrl+C to stop the server
2024-03-26T13:43:01: 
2024-03-26T13:43:19:   2024-03-26 13:43:19
2024-03-26T13:43:19:  ................................................... ~ 0s
2024-03-26T13:43:30:   2024-03-26 13:43:29
2024-03-26T13:43:30:  ...................................................
2024-03-26T13:43:30:  ~ 1s
2024-03-26T13:43:38:   2024-03-26 13:43:37
2024-03-26T13:43:38:  ...................................................
2024-03-26T13:43:38:  ~ 1s
2024-03-26T13:43:45:   2024-03-26 13:43:45
2024-03-26T13:43:45:  ...................................................
2024-03-26T13:43:45:  ~ 0s
2024-03-26T13:43:49:   2024-03-26 13:43:49
2024-03-26T13:43:49:  ................................................... ~ 0s
2024-03-26T13:43:59:   2024-03-26 13:43:59
2024-03-26T13:43:59:  ...................................................
2024-03-26T13:43:59:  ~ 0s
2024-03-26T13:44:14:   2024-03-26 13:44:14
2024-03-26T13:44:14:  ...................................................
2024-03-26T13:44:14:  ~ 0s
2024-03-26T13:44:22:   2024-03-26 13:44:22
2024-03-26T13:44:22:  ................................................... ~ 0s
2024-03-26T13:44:24:   2024-03-26 13:44:24
2024-03-26T13:44:24:  ................................................... ~ 0s
2024-03-26T13:45:09:   2024-03-26 13:45:09
2024-03-26T13:45:09:  ................................................... ~ 0s
2024-03-26T13:45:11:   2024-03-26 13:45:10
2024-03-26T13:45:11:  ...................................................
2024-03-26T13:45:11:  ~ 1s
2024-03-26T13:45:40:   2024-03-26 13:45:39
2024-03-26T13:45:40:  ...................................................
2024-03-26T13:45:40:  ~ 1s
2024-03-26T14:35:39: 
2024-03-26T14:35:39:    INFO  Server running on [http://192.168.1.120:8002].  
2024-03-26T14:35:39: 
2024-03-26T14:35:39:   Press Ctrl+C to stop the server
2024-03-26T14:35:39: 
2024-03-26T14:35:53:   2024-03-26 14:35:52
2024-03-26T14:35:53:  ...................................................
2024-03-26T14:35:53:  ~ 0s
2024-03-26T14:36:13:   2024-03-26 14:36:08
2024-03-26T14:36:13:  ................................................... ~ 5s
2024-03-26T14:36:18:   2024-03-26 14:36:13
2024-03-26T14:36:18:  ...................................................
2024-03-26T14:36:18:  ~ 5s
2024-03-26T14:36:23:   2024-03-26 14:36:18
2024-03-26T14:36:23:  ...................................................
2024-03-26T14:36:23:  ~ 5s
2024-03-26T14:36:28:   2024-03-26 14:36:23
2024-03-26T14:36:28:  ...................................................
2024-03-26T14:36:28:  ~ 5s
2024-03-26T14:36:33:   2024-03-26 14:36:28
2024-03-26T14:36:33:  ...................................................
2024-03-26T14:36:33:  ~ 5s
2024-03-26T14:36:38:   2024-03-26 14:36:33
2024-03-26T14:36:38:  ...................................................
2024-03-26T14:36:38:  ~ 5s
2024-03-26T14:36:38:   2024-03-26 14:36:33
2024-03-26T14:36:38:  ...................................................
2024-03-26T14:36:38:  ~ 5s
2024-03-26T14:36:43:   2024-03-26 14:36:38
2024-03-26T14:36:43:  ...................................................
2024-03-26T14:36:43:  ~ 5s
2024-03-26T14:36:48:   2024-03-26 14:36:43
2024-03-26T14:36:48:  ...................................................
2024-03-26T14:36:48:  ~ 5s
2024-03-26T14:36:53:   2024-03-26 14:36:48
2024-03-26T14:36:53:  ...................................................
2024-03-26T14:36:53:  ~ 5s
2024-03-26T14:36:58:   2024-03-26 14:36:53
2024-03-26T14:36:58:  ...................................................
2024-03-26T14:36:58:  ~ 5s
2024-03-26T14:37:03:   2024-03-26 14:36:58
2024-03-26T14:37:03:  ...................................................
2024-03-26T14:37:03:  ~ 5s
2024-03-26T14:37:08:   2024-03-26 14:37:03
2024-03-26T14:37:08:  ...................................................
2024-03-26T14:37:08:  ~ 5s
2024-03-26T14:37:13:   2024-03-26 14:37:08
2024-03-26T14:37:13:  ...................................................
2024-03-26T14:37:13:  ~ 5s
2024-03-26T14:37:18:   2024-03-26 14:37:13
2024-03-26T14:37:18:  ................................................... ~ 5s
2024-03-26T14:37:23:   2024-03-26 14:37:18
2024-03-26T14:37:23:  ................................................... ~ 5s
2024-03-26T14:37:28:   2024-03-26 14:37:23
2024-03-26T14:37:28:  ...................................................
2024-03-26T14:37:28:  ~ 5s
2024-03-26T14:37:33:   2024-03-26 14:37:28
2024-03-26T14:37:33:  ................................................... ~ 5s
2024-03-26T14:37:38:   2024-03-26 14:37:33
2024-03-26T14:37:38:  ...................................................
2024-03-26T14:37:38:  ~ 5s
2024-03-26T14:37:43:   2024-03-26 14:37:38
2024-03-26T14:37:43:  ...................................................
2024-03-26T14:37:43:  ~ 5s
2024-03-26T14:37:48:   2024-03-26 14:37:43
2024-03-26T14:37:48:  ...................................................
2024-03-26T14:37:48:  ~ 5s
2024-03-26T14:37:53:   2024-03-26 14:37:48
2024-03-26T14:37:53:  ...................................................
2024-03-26T14:37:53:  ~ 5s
2024-03-26T14:37:58:   2024-03-26 14:37:53
2024-03-26T14:37:58:  ................................................... ~ 5s
2024-03-26T14:38:03:   2024-03-26 14:37:58
2024-03-26T14:38:03:  ...................................................
2024-03-26T14:38:03:  ~ 5s
2024-03-26T14:38:09:   2024-03-26 14:38:03
2024-03-26T14:38:09:  ...................................................
2024-03-26T14:38:09:  ~ 5s
2024-03-26T14:38:14:   2024-03-26 14:38:08
2024-03-26T14:38:14:  ...................................................
2024-03-26T14:38:14:  ~ 5s
2024-03-26T14:38:19:   2024-03-26 14:38:13
2024-03-26T14:38:19:  ...................................................
2024-03-26T14:38:19:  ~ 5s
2024-03-26T14:38:24:   2024-03-26 14:38:18
2024-03-26T14:38:24:  ...................................................
2024-03-26T14:38:24:  ~ 5s
2024-03-26T14:38:29:   2024-03-26 14:38:23
2024-03-26T14:38:29:  ...................................................
2024-03-26T14:38:29:  ~ 5s
2024-03-26T14:38:34:   2024-03-26 14:38:28
2024-03-26T14:38:34:  ...................................................
2024-03-26T14:38:34:  ~ 5s
2024-03-26T14:38:39:   2024-03-26 14:38:33
2024-03-26T14:38:39:  ...................................................
2024-03-26T14:38:39:  ~ 5s
2024-03-26T14:38:44:   2024-03-26 14:38:38
2024-03-26T14:38:44:  ...................................................
2024-03-26T14:38:44:  ~ 5s
2024-03-26T14:38:49:   2024-03-26 14:38:43
2024-03-26T14:38:49:  ...................................................
2024-03-26T14:38:49:  ~ 5s
2024-03-26T14:38:54:   2024-03-26 14:38:48
2024-03-26T14:38:54:  ...................................................
2024-03-26T14:38:54:  ~ 5s
2024-03-26T14:38:59:   2024-03-26 14:38:53
2024-03-26T14:38:59:  ...................................................
2024-03-26T14:38:59:  ~ 5s
2024-03-26T14:39:04:   2024-03-26 14:38:58
2024-03-26T14:39:04:  ...................................................
2024-03-26T14:39:04:  ~ 5s
2024-03-26T14:39:09:   2024-03-26 14:39:03
2024-03-26T14:39:09:  ...................................................
2024-03-26T14:39:09:  ~ 5s
2024-03-26T14:39:14:   2024-03-26 14:39:08
2024-03-26T14:39:14:  ...................................................
2024-03-26T14:39:14:  ~ 5s
2024-03-26T14:39:19:   2024-03-26 14:39:13
2024-03-26T14:39:19:  ...................................................
2024-03-26T14:39:19:  ~ 6s
2024-03-26T14:39:24:   2024-03-26 14:39:19
2024-03-26T14:39:24:  ................................................... ~ 5s
2024-03-26T14:39:29:   2024-03-26 14:39:24
2024-03-26T14:39:29:  ................................................... ~ 5s
2024-03-26T14:39:34:   2024-03-26 14:39:29
2024-03-26T14:39:34:  ................................................... ~ 5s
2024-03-26T14:39:39:   2024-03-26 14:39:34
2024-03-26T14:39:39:  ...................................................
2024-03-26T14:39:39:  ~ 5s
2024-03-26T14:39:44:   2024-03-26 14:39:39
2024-03-26T14:39:44:  ...................................................
2024-03-26T14:39:44:  ~ 5s
2024-03-26T14:39:49:   2024-03-26 14:39:44
2024-03-26T14:39:49:  ...................................................
2024-03-26T14:39:49:  ~ 5s
2024-03-26T14:39:54:   2024-03-26 14:39:49
2024-03-26T14:39:54:  ...................................................
2024-03-26T14:39:54:  ~ 5s
2024-03-26T14:39:59:   2024-03-26 14:39:54
2024-03-26T14:39:59:  ...................................................
2024-03-26T14:39:59:  ~ 5s
2024-03-26T14:40:04:   2024-03-26 14:39:59
2024-03-26T14:40:04:  ................................................... ~ 5s
2024-03-26T14:40:09:   2024-03-26 14:40:04
2024-03-26T14:40:09:  ................................................... ~ 5s
2024-03-26T14:40:09:   2024-03-26 14:40:04
2024-03-26T14:40:09:  ...................................................
2024-03-26T14:40:09:  ~ 5s
2024-03-26T14:40:14:   2024-03-26 14:40:09
2024-03-26T14:40:14:  ...................................................
2024-03-26T14:40:14:  ~ 5s
2024-03-26T14:40:19:   2024-03-26 14:40:14
2024-03-26T14:40:19:  ................................................... ~ 5s
2024-03-26T14:40:24:   2024-03-26 14:40:19
2024-03-26T14:40:24:  ...................................................
2024-03-26T14:40:24:  ~ 5s
2024-03-26T14:40:29:   2024-03-26 14:40:24
2024-03-26T14:40:29:  ...................................................
2024-03-26T14:40:29:  ~ 5s
2024-03-26T14:40:34:   2024-03-26 14:40:29
2024-03-26T14:40:34:  ...................................................
2024-03-26T14:40:34:  ~ 5s
2024-03-26T14:40:39:   2024-03-26 14:40:34
2024-03-26T14:40:39:  ...................................................
2024-03-26T14:40:39:  ~ 5s
2024-03-26T14:40:44:   2024-03-26 14:40:39
2024-03-26T14:40:44:  ................................................... ~ 5s
2024-03-26T14:40:49:   2024-03-26 14:40:44
2024-03-26T14:40:49:  ................................................... ~ 5s
2024-03-26T14:40:54:   2024-03-26 14:40:49
2024-03-26T14:40:54:  ...................................................
2024-03-26T14:40:54:  ~ 5s
2024-03-26T14:40:59:   2024-03-26 14:40:54
2024-03-26T14:40:59:  ...................................................
2024-03-26T14:40:59:  ~ 5s
2024-03-26T14:40:59:  ...................................................
2024-03-26T14:40:59:  ~ 5s
2024-03-26T14:41:04:   2024-03-26 14:40:59
2024-03-26T14:41:04:  ...................................................
2024-03-26T14:41:04:  ~ 5s
2024-03-26T14:41:09:   2024-03-26 14:41:04
2024-03-26T14:41:09:  ................................................... ~ 5s
2024-03-26T14:41:14:   2024-03-26 14:41:09
2024-03-26T14:41:14:  ................................................... ~ 5s
2024-03-26T14:41:20:   2024-03-26 14:41:14
2024-03-26T14:41:20:  ...................................................
2024-03-26T14:41:20:  ~ 5s
2024-03-26T14:41:25:   2024-03-26 14:41:19
2024-03-26T14:41:25:  ...................................................
2024-03-26T14:41:25:  ~ 5s
2024-03-26T14:41:30:   2024-03-26 14:41:24
2024-03-26T14:41:30:  ...................................................
2024-03-26T14:41:30:  ~ 5s
2024-03-26T14:41:35:   2024-03-26 14:41:29
2024-03-26T14:41:35:  ...................................................
2024-03-26T14:41:35:  ~ 5s
2024-03-26T14:41:40:   2024-03-26 14:41:34
2024-03-26T14:41:40:  ...................................................
2024-03-26T14:41:40:  ~ 5s
2024-03-26T14:41:45:   2024-03-26 14:41:39
2024-03-26T14:41:45:  ................................................... ~ 5s
2024-03-26T14:41:50:   2024-03-26 14:41:44
2024-03-26T14:41:50:  ...................................................
2024-03-26T14:41:50:  ~ 5s
2024-03-26T14:41:55:   2024-03-26 14:41:49
2024-03-26T14:41:55:  ...................................................
2024-03-26T14:41:55:  ~ 5s
2024-03-26T14:41:55:  ................................................... ~ 6s
2024-03-26T14:41:59:   2024-03-26 14:41:54
2024-03-26T14:41:59:  ...................................................
2024-03-26T14:41:59:  ~ 5s
2024-03-26T14:41:59:  ................................................... ~ 0s
2024-03-26T14:42:05:   2024-03-26 14:42:05
2024-03-26T14:42:05:  ...................................................
2024-03-26T14:42:05:  ~ 0s
2024-03-26T14:42:48:   2024-03-26 14:42:48
2024-03-26T14:42:48:  ................................................... ~ 0s
2024-03-26T14:43:07:   2024-03-26 14:43:02
2024-03-26T14:43:07:  ...................................................
2024-03-26T14:43:07:  ~ 5s
2024-03-26T14:43:12:   2024-03-26 14:43:07
2024-03-26T14:43:12:  ...................................................
2024-03-26T14:43:12:  ~ 5s
2024-03-26T14:43:17:   2024-03-26 14:43:12
2024-03-26T14:43:17:  ...................................................
2024-03-26T14:43:17:  ~ 5s
2024-03-26T14:43:22:   2024-03-26 14:43:17
2024-03-26T14:43:22:  ...................................................
2024-03-26T14:43:22:  ~ 5s
2024-03-26T14:43:28:   2024-03-26 14:43:22
2024-03-26T14:43:28:  ...................................................
2024-03-26T14:43:28:  ~ 6s
2024-03-26T14:43:33:   2024-03-26 14:43:28
2024-03-26T14:43:33:  ...................................................
2024-03-26T14:43:33:  ~ 5s
2024-03-26T14:43:38:   2024-03-26 14:43:33
2024-03-26T14:43:38:  ...................................................
2024-03-26T14:43:38:  ~ 5s
2024-03-26T14:43:43:   2024-03-26 14:43:38
2024-03-26T14:43:43:  ...................................................
2024-03-26T14:43:43:  ~ 5s
2024-03-26T14:43:48:   2024-03-26 14:43:43
2024-03-26T14:43:48:  ...................................................
2024-03-26T14:43:48:  ~ 5s
2024-03-26T14:43:53:   2024-03-26 14:43:48
2024-03-26T14:43:53:  ...................................................
2024-03-26T14:43:53:  ~ 5s
2024-03-26T14:43:58:   2024-03-26 14:43:53
2024-03-26T14:43:58:  ................................................... ~ 5s
2024-03-26T14:44:03:   2024-03-26 14:43:58
2024-03-26T14:44:03:  ...................................................
2024-03-26T14:44:03:  ~ 5s
2024-03-26T14:44:08:   2024-03-26 14:44:03
2024-03-26T14:44:08:  ...................................................
2024-03-26T14:44:08:  ~ 5s
2024-03-26T14:44:13:   2024-03-26 14:44:08
2024-03-26T14:44:13:  ...................................................
2024-03-26T14:44:13:  ~ 5s
2024-03-26T14:44:18:   2024-03-26 14:44:13
2024-03-26T14:44:18:  ...................................................
2024-03-26T14:44:18:  ~ 5s
2024-03-26T14:44:23:   2024-03-26 14:44:18
2024-03-26T14:44:23:  ...................................................
2024-03-26T14:44:23:  ~ 5s
2024-03-26T14:44:28:   2024-03-26 14:44:23
2024-03-26T14:44:28:  ...................................................
2024-03-26T14:44:28:  ~ 5s
2024-03-26T14:44:33:   2024-03-26 14:44:28
2024-03-26T14:44:33:  ................................................... ~ 5s
2024-03-26T14:44:38:   2024-03-26 14:44:33
2024-03-26T14:44:38:  ...................................................
2024-03-26T14:44:38:  ~ 5s
2024-03-26T14:44:43:   2024-03-26 14:44:38
2024-03-26T14:44:43:  ...................................................
2024-03-26T14:44:43:  ~ 5s
2024-03-26T14:44:48:   2024-03-26 14:44:43
2024-03-26T14:44:48:  ...................................................
2024-03-26T14:44:48:  ~ 5s
2024-03-26T14:44:53:   2024-03-26 14:44:48
2024-03-26T14:44:53:  ...................................................
2024-03-26T14:44:53:  ~ 5s
2024-03-26T14:44:58:   2024-03-26 14:44:53
2024-03-26T14:44:58:  ................................................... ~ 5s
2024-03-26T14:45:03:   2024-03-26 14:44:58
2024-03-26T14:45:03:  ...................................................
2024-03-26T14:45:03:  ~ 5s
2024-03-26T14:45:08:   2024-03-26 14:45:03
2024-03-26T14:45:08:  ...................................................
2024-03-26T14:45:08:  ~ 5s
2024-03-26T14:45:13:   2024-03-26 14:45:08
2024-03-26T14:45:13:  ...................................................
2024-03-26T14:45:13:  ~ 5s
2024-03-26T14:45:18:   2024-03-26 14:45:13
2024-03-26T14:45:18:  ...................................................
2024-03-26T14:45:18:  ~ 5s
2024-03-26T14:45:24:   2024-03-26 14:45:18
2024-03-26T14:45:24:  ...................................................
2024-03-26T14:45:24:  ~ 6s
2024-03-26T14:45:29:   2024-03-26 14:45:24
2024-03-26T14:45:29:  ...................................................
2024-03-26T14:45:29:  ~ 5s
2024-03-26T14:45:34:   2024-03-26 14:45:29
2024-03-26T14:45:34:  ...................................................
2024-03-26T14:45:34:  ~ 5s
2024-03-26T14:45:39:   2024-03-26 14:45:34
2024-03-26T14:45:39:  ...................................................
2024-03-26T14:45:39:  ~ 5s
2024-03-26T14:45:44:   2024-03-26 14:45:39
2024-03-26T14:45:44:  ................................................... ~ 5s
2024-03-26T14:45:49:   2024-03-26 14:45:44
2024-03-26T14:45:49:  ................................................... ~ 5s
2024-03-26T14:45:54:   2024-03-26 14:45:49
2024-03-26T14:45:54:  ................................................... ~ 5s
2024-03-26T14:45:59:   2024-03-26 14:45:54
2024-03-26T14:45:59:  ................................................... ~ 5s
2024-03-26T14:46:04:   2024-03-26 14:45:59
2024-03-26T14:46:04:  ................................................... ~ 5s
2024-03-26T14:46:09:   2024-03-26 14:46:04
2024-03-26T14:46:09:  ...................................................
2024-03-26T14:46:09:  ~ 5s
2024-03-26T14:46:14:   2024-03-26 14:46:09
2024-03-26T14:46:14:  ...................................................
2024-03-26T14:46:14:  ~ 5s
2024-03-26T14:46:19:   2024-03-26 14:46:14
2024-03-26T14:46:19:  ...................................................
2024-03-26T14:46:19:  ~ 5s
2024-03-26T14:46:24:   2024-03-26 14:46:19
2024-03-26T14:46:24:  ...................................................
2024-03-26T14:46:24:  ~ 5s
2024-03-26T14:46:29:   2024-03-26 14:46:24
2024-03-26T14:46:29:  ...................................................
2024-03-26T14:46:29:  ~ 5s
2024-03-26T14:46:34:   2024-03-26 14:46:29
2024-03-26T14:46:34:  ...................................................
2024-03-26T14:46:34:  ~ 5s
2024-03-26T14:46:39:   2024-03-26 14:46:34
2024-03-26T14:46:39:  ...................................................
2024-03-26T14:46:39:  ~ 5s
2024-03-26T14:46:44:   2024-03-26 14:46:39
2024-03-26T14:46:44:  ...................................................
2024-03-26T14:46:44:  ~ 5s
2024-03-26T14:46:49:   2024-03-26 14:46:44
2024-03-26T14:46:49:  ...................................................
2024-03-26T14:46:49:  ~ 5s
2024-03-26T14:46:54:   2024-03-26 14:46:49
2024-03-26T14:46:54:  ...................................................
2024-03-26T14:46:54:  ~ 5s
2024-03-26T14:46:59:   2024-03-26 14:46:54
2024-03-26T14:46:59:  ................................................... ~ 5s
2024-03-26T14:47:04:   2024-03-26 14:46:59
2024-03-26T14:47:04:  ...................................................
2024-03-26T14:47:04:  ~ 5s
2024-03-26T14:47:09:   2024-03-26 14:47:04
2024-03-26T14:47:09:  ...................................................
2024-03-26T14:47:09:  ~ 5s
2024-03-26T14:47:15:   2024-03-26 14:47:09
2024-03-26T14:47:15:  ...................................................
2024-03-26T14:47:15:  ~ 5s
2024-03-26T14:47:20:   2024-03-26 14:47:14
2024-03-26T14:47:20:  ...................................................
2024-03-26T14:47:20:  ~ 5s
2024-03-26T14:47:25:   2024-03-26 14:47:19
2024-03-26T14:47:25:  ...................................................
2024-03-26T14:47:25:  ~ 5s
2024-03-26T14:47:30:   2024-03-26 14:47:24
2024-03-26T14:47:30:  ................................................... ~ 5s
2024-03-26T14:47:35:   2024-03-26 14:47:29
2024-03-26T14:47:35:  ................................................... ~ 5s
2024-03-26T14:47:40:   2024-03-26 14:47:34
2024-03-26T14:47:40:  ................................................... ~ 5s
2024-03-26T14:47:45:   2024-03-26 14:47:39
2024-03-26T14:47:45:  ................................................... ~ 5s
2024-03-26T14:47:50:   2024-03-26 14:47:44
2024-03-26T14:47:50:  ...................................................
2024-03-26T14:47:50:  ~ 5s
2024-03-26T14:47:55:   2024-03-26 14:47:49
2024-03-26T14:47:55:  ...................................................
2024-03-26T14:47:55:  ~ 5s
2024-03-26T14:48:00:   2024-03-26 14:47:54
2024-03-26T14:48:00:  ...................................................
2024-03-26T14:48:00:  ~ 5s
2024-03-26T14:48:05:   2024-03-26 14:47:59
2024-03-26T14:48:05:  ...................................................
2024-03-26T14:48:05:  ~ 5s
2024-03-26T14:48:10:   2024-03-26 14:48:04
2024-03-26T14:48:10:  ...................................................
2024-03-26T14:48:10:  ~ 5s
2024-03-26T14:48:15:   2024-03-26 14:48:09
2024-03-26T14:48:15:  ...................................................
2024-03-26T14:48:15:  ~ 5s
2024-03-26T14:48:20:   2024-03-26 14:48:14
2024-03-26T14:48:20:  ................................................... ~ 5s
2024-03-26T14:48:25:   2024-03-26 14:48:19
2024-03-26T14:48:25:  ...................................................
2024-03-26T14:48:25:  ~ 5s
2024-03-26T14:48:30:   2024-03-26 14:48:24
2024-03-26T14:48:30:  ...................................................
2024-03-26T14:48:30:  ~ 5s
2024-03-26T14:48:35:   2024-03-26 14:48:29
2024-03-26T14:48:35:  ...................................................
2024-03-26T14:48:35:  ~ 5s
2024-03-26T14:48:40:   2024-03-26 14:48:34
2024-03-26T14:48:40:  ...................................................
2024-03-26T14:48:40:  ~ 5s
2024-03-26T14:48:45:   2024-03-26 14:48:39
2024-03-26T14:48:45:  ................................................... ~ 5s
2024-03-26T14:48:50:   2024-03-26 14:48:44
2024-03-26T14:48:50:  ...................................................
2024-03-26T14:48:50:  ~ 5s
2024-03-26T14:48:55:   2024-03-26 14:48:49
2024-03-26T14:48:55:  ...................................................
2024-03-26T14:48:55:  ~ 5s
2024-03-26T14:49:00:   2024-03-26 14:48:54
2024-03-26T14:49:00:  ...................................................
2024-03-26T14:49:00:  ~ 5s
2024-03-26T14:49:05:   2024-03-26 14:48:59
2024-03-26T14:49:05:  ...................................................
2024-03-26T14:49:05:  ~ 5s
2024-03-26T14:49:10:   2024-03-26 14:49:04
2024-03-26T14:49:10:  ...................................................
2024-03-26T14:49:10:  ~ 5s
2024-03-26T14:49:15:   2024-03-26 14:49:09
2024-03-26T14:49:15:  ...................................................
2024-03-26T14:49:15:  ~ 5s
2024-03-26T14:49:20:   2024-03-26 14:49:14
2024-03-26T14:49:20:  ...................................................
2024-03-26T14:49:20:  ~ 5s
2024-03-26T14:49:25:   2024-03-26 14:49:19
2024-03-26T14:49:25:  ...................................................
2024-03-26T14:49:25:  ~ 6s
2024-03-26T14:49:26:   2024-03-26 14:49:25
2024-03-26T14:49:26:  ...................................................
2024-03-26T14:49:26:  ~ 1s
2024-03-26T14:49:26:  ~ 0s
